Determining if the pthread_create exist failed with the following output:
Change Dir: /home/tsehayyk/Work/ProstateCAD/ISBI2017/Architecture/build/CMakeFiles/CMakeTmp

Run Build Command:/usr/bin/make "cmTryCompileExec3275526963/fast"
/usr/bin/make -f CMakeFiles/cmTryCompileExec3275526963.dir/build.make CMakeFiles/cmTryCompileExec3275526963.dir/build
make[1]: Entering directory `/home/tsehayyk/Work/ProstateCAD/ISBI2017/Architecture/build/CMakeFiles/CMakeTmp'
/usr/bin/cmake -E cmake_progress_report /home/tsehayyk/Work/ProstateCAD/ISBI2017/Architecture/build/CMakeFiles/CMakeTmp/CMakeFiles 1
Building C object CMakeFiles/cmTryCompileExec3275526963.dir/CheckSymbolExists.c.o
/usr/bin/cc    -o CMakeFiles/cmTryCompileExec3275526963.dir/CheckSymbolExists.c.o   -c /home/tsehayyk/Work/ProstateCAD/ISBI2017/Architecture/build/CMakeFiles/CMakeTmp/CheckSymbolExists.c
Linking C executable cmTryCompileExec3275526963
/usr/bin/cmake -E cmake_link_script CMakeFiles/cmTryCompileExec3275526963.dir/link.txt --verbose=1
/usr/bin/cc       CMakeFiles/cmTryCompileExec3275526963.dir/CheckSymbolExists.c.o  -o cmTryCompileExec3275526963 -rdynamic 
CMakeFiles/cmTryCompileExec3275526963.dir/CheckSymbolExists.c.o: In function `main':
CheckSymbolExists.c:(.text+0x16): undefined reference to `pthread_create'
collect2: error: ld returned 1 exit status
make[1]: Leaving directory `/home/tsehayyk/Work/ProstateCAD/ISBI2017/Architecture/build/CMakeFiles/CMakeTmp'
make[1]: *** [cmTryCompileExec3275526963] Error 1
make: *** [cmTryCompileExec3275526963/fast] Error 2

File /home/tsehayyk/Work/ProstateCAD/ISBI2017/Architecture/build/CMakeFiles/CMakeTmp/CheckSymbolExists.c:
/* */
#include <pthread.h>

int main(int argc, char** argv)
{
  (void)argv;
#ifndef pthread_create
  return ((int*)(&pthread_create))[argc];
#else
  (void)argc;
  return 0;
#endif
}

Determining if the function pthread_create exists in the pthreads failed with the following output:
Change Dir: /home/tsehayyk/Work/ProstateCAD/ISBI2017/Architecture/build/CMakeFiles/CMakeTmp

Run Build Command:/usr/bin/make "cmTryCompileExec4175128730/fast"
/usr/bin/make -f CMakeFiles/cmTryCompileExec4175128730.dir/build.make CMakeFiles/cmTryCompileExec4175128730.dir/build
make[1]: Entering directory `/home/tsehayyk/Work/ProstateCAD/ISBI2017/Architecture/build/CMakeFiles/CMakeTmp'
/usr/bin/cmake -E cmake_progress_report /home/tsehayyk/Work/ProstateCAD/ISBI2017/Architecture/build/CMakeFiles/CMakeTmp/CMakeFiles 1
Building C object CMakeFiles/cmTryCompileExec4175128730.dir/CheckFunctionExists.c.o
/usr/bin/cc   -DCHECK_FUNCTION_EXISTS=pthread_create   -o CMakeFiles/cmTryCompileExec4175128730.dir/CheckFunctionExists.c.o   -c /usr/share/cmake-2.8/Modules/CheckFunctionExists.c
Linking C executable cmTryCompileExec4175128730
/usr/bin/cmake -E cmake_link_script CMakeFiles/cmTryCompileExec4175128730.dir/link.txt --verbose=1
/usr/bin/cc   -DCHECK_FUNCTION_EXISTS=pthread_create    CMakeFiles/cmTryCompileExec4175128730.dir/CheckFunctionExists.c.o  -o cmTryCompileExec4175128730 -rdynamic -lpthreads 
/usr/bin/ld: cannot find -lpthreads
collect2: error: ld returned 1 exit status
make[1]: Leaving directory `/home/tsehayyk/Work/ProstateCAD/ISBI2017/Architecture/build/CMakeFiles/CMakeTmp'
make[1]: *** [cmTryCompileExec4175128730] Error 1
make: *** [cmTryCompileExec4175128730/fast] Error 2


